<?xml version="1.0" encoding="UTF-8"?>
<!-- Generated by org.testng.reporters.JUnitXMLReporter -->
<testsuite hostname="Priyankas-MacBook-Air.local" ignored="0" name="Default test" tests="2" failures="0" timestamp="2021-01-31T15:58:17 MST" time="6.816" errors="0">
  <testcase name="validateGetMethod" time="5.943" classname="validations.API.ValidateAPImethods"/>
  <testcase name="validateDeleteMethod" time="0.789" classname="validations.API.ValidateAPImethods"/>
</testsuite> <!-- Default test -->
