<?xml version="1.0" encoding="UTF-8"?>
<testng-results skipped="0" failed="0" ignored="0" total="2" passed="2">
  <reporter-output>
  </reporter-output>
  <suite name="API Automation Test Suite" duration-ms="6892" started-at="2021-01-31T16:20:10 MST" finished-at="2021-01-31T16:20:17 MST">
    <groups>
    </groups>
    <test name="Assignment" duration-ms="6892" started-at="2021-01-31T16:20:10 MST" finished-at="2021-01-31T16:20:17 MST">
      <class name="validations.API.ValidateAPImethods">
        <test-method status="PASS" signature="validateGetMethod(java.lang.String)[pri:1, instance:validations.API.ValidateAPImethods@17579e0f]" name="validateGetMethod" duration-ms="6048" started-at="2021-01-31T16:20:10 MST" finished-at="2021-01-31T16:20:16 MST">
          <params>
            <param index="0">
              <value>
                <![CDATA[200]]>
              </value>
            </param>
          </params>
          <reporter-output>
          </reporter-output>
        </test-method> <!-- validateGetMethod -->
        <test-method status="PASS" signature="validateDeleteMethod(java.lang.String)[pri:2, instance:validations.API.ValidateAPImethods@17579e0f]" name="validateDeleteMethod" duration-ms="747" started-at="2021-01-31T16:20:16 MST" finished-at="2021-01-31T16:20:17 MST">
          <params>
            <param index="0">
              <value>
                <![CDATA[200]]>
              </value>
            </param>
          </params>
          <reporter-output>
          </reporter-output>
        </test-method> <!-- validateDeleteMethod -->
      </class> <!-- validations.API.ValidateAPImethods -->
    </test> <!-- Assignment -->
  </suite> <!-- API Automation Test Suite -->
</testng-results>
